-------------------------------------------------------------------------------
Test set: Cucumber.testCucu.RunCucumberTest
-------------------------------------------------------------------------------
Tests run: 2, Failures: 0, Errors: 1, Skipped: 0, Time elapsed: 11.225 s <<< FAILURE! - in Cucumber.testCucu.RunCucumberTest
Naviguer sur Google et rechercher un mot.premier test  Time elapsed: 10.82 s  <<< ERROR!
org.openqa.selenium.ElementNotInteractableException: 
Element <input class="gLFyf gsfi" name="q" type="text"> is not reachable by keyboard
Build info: version: '4.1.3', revision: '7b1ebf28ef'
System info: host: 'IBM-PF1NTJAC', ip: '9.171.7.170', os.name: 'Windows 10', os.arch: 'amd64', os.version: '10.0', java.version: '17.0.2'
Driver info: org.openqa.selenium.firefox.FirefoxDriver
Command: [f014aabb-19c5-4910-b5d8-8db407cea748, sendKeysToElement {id=8ae29de2-4bb1-4fcc-bf44-cfc0d068211a, value=[Ljava.lang.CharSequence;@7c8f9c2e}]
Capabilities {acceptInsecureCerts: true, browserName: firefox, browserVersion: 99.0.1, javascriptEnabled: true, moz:accessibilityChecks: false, moz:buildID: 20220411174855, moz:debuggerAddress: localhost:57268, moz:geckodriverVersion: 0.31.0, moz:headless: false, moz:processID: 27088, moz:profile: C:\Users\Y9G4CD~1\AppData\L..., moz:shutdownTimeout: 60000, moz:useNonSpecCompliantPointerOrigin: false, moz:webdriverClick: true, pageLoadStrategy: normal, platform: WINDOWS, platformName: WINDOWS, platformVersion: 10.0, proxy: Proxy(), se:cdp: ws://localhost:57268/devtoo..., se:cdpVersion: 85.0, setWindowRect: true, strictFileInteractability: false, timeouts: {implicit: 0, pageLoad: 300000, script: 30000}, unhandledPromptBehavior: dismiss and notify}
Element: [[FirefoxDriver: firefox on WINDOWS (f014aabb-19c5-4910-b5d8-8db407cea748)] -> name: q]
Session ID: f014aabb-19c5-4910-b5d8-8db407cea748
	at java.base/jdk.internal.reflect.NativeConstructorAccessorImpl.newInstance0(Native Method)
	at java.base/jdk.internal.reflect.NativeConstructorAccessorImpl.newInstance(NativeConstructorAccessorImpl.java:77)
	at java.base/jdk.internal.reflect.DelegatingConstructorAccessorImpl.newInstance(DelegatingConstructorAccessorImpl.java:45)
	at java.base/java.lang.reflect.Constructor.newInstanceWithCaller(Constructor.java:499)
	at java.base/java.lang.reflect.Constructor.newInstance(Constructor.java:480)
	at org.openqa.selenium.remote.codec.w3c.W3CHttpResponseCodec.createException(W3CHttpResponseCodec.java:200)
	at org.openqa.selenium.remote.codec.w3c.W3CHttpResponseCodec.decode(W3CHttpResponseCodec.java:133)
	at org.openqa.selenium.remote.codec.w3c.W3CHttpResponseCodec.decode(W3CHttpResponseCodec.java:53)
	at org.openqa.selenium.remote.HttpCommandExecutor.execute(HttpCommandExecutor.java:184)
	at org.openqa.selenium.remote.service.DriverCommandExecutor.invokeExecute(DriverCommandExecutor.java:167)
	at org.openqa.selenium.remote.service.DriverCommandExecutor.execute(DriverCommandExecutor.java:142)
	at org.openqa.selenium.remote.RemoteWebDriver.execute(RemoteWebDriver.java:567)
	at org.openqa.selenium.remote.RemoteWebElement.execute(RemoteWebElement.java:251)
	at org.openqa.selenium.remote.RemoteWebElement.sendKeys(RemoteWebElement.java:107)
	at Cucumber.testCucu.StepDefinitions.chercher_mot(StepDefinitions.java:50)
	at ✽.Je cherche pour le mot "viande"(classpath:Cucumber/testCucu/PT-2.feature:11)

