<?xml version="1.0" encoding="UTF-8"?>
<testsuite xmlns:xsi="http://www.w3.org/2001/XMLSchema-instance" xsi:noNamespaceSchemaLocation="https://maven.apache.org/surefire/maven-surefire-plugin/xsd/surefire-test-report-3.0.xsd" version="3.0" name="Cucumber.testCucu.RunCucumberTest" time="11.225" tests="2" errors="1" skipped="0" failures="0">
  <properties>
[...]
</properties>
  <testcase name="Naviguer sur Google et rechercher un mot" classname="Naviguer sur Google et rechercher un mot" time="0.08">
    <system-out><![CDATA[
@TEST_PT-2
Scenario: Naviguer sur Google et rechercher un mot &amp#27;[90m# Cucumber/testCucu/PT-2.feature:5&amp#27;[0m
]]></system-out>
  </testcase>
  <testcase name="premier test" classname="Naviguer sur Google et rechercher un mot" time="10.82">
    <error message="Element &lt;input class=&quot;gLFyf gsfi&quot; name=&quot;q&quot; type=&quot;text&quot;&gt; is not reachable by keyboard&#10;Build info: version: &apos;4.1.3&apos;, revision: &apos;7b1ebf28ef&apos;&#10;System info: host: &apos;IBM-PF1NTJAC&apos;, ip: &apos;9.171.7.170&apos;, os.name: &apos;Windows 10&apos;, os.arch: &apos;amd64&apos;, os.version: &apos;10.0&apos;, java.version: &apos;17.0.2&apos;&#10;Driver info: org.openqa.selenium.firefox.FirefoxDriver&#10;Command: [f014aabb-19c5-4910-b5d8-8db407cea748, sendKeysToElement {id=8ae29de2-4bb1-4fcc-bf44-cfc0d068211a, value=[Ljava.lang.CharSequence;@7c8f9c2e}]&#10;Capabilities {acceptInsecureCerts: true, browserName: firefox, browserVersion: 99.0.1, javascriptEnabled: true, moz:accessibilityChecks: false, moz:buildID: 20220411174855, moz:debuggerAddress: localhost:57268, moz:geckodriverVersion: 0.31.0, moz:headless: false, moz:processID: 27088, moz:profile: C:\Users\Y9G4CD~1\AppData\L..., moz:shutdownTimeout: 60000, moz:useNonSpecCompliantPointerOrigin: false, moz:webdriverClick: true, pageLoadStrategy: normal, platform: WINDOWS, platformName: WINDOWS, platformVersion: 10.0, proxy: Proxy(), se:cdp: ws://localhost:57268/devtoo..., se:cdpVersion: 85.0, setWindowRect: true, strictFileInteractability: false, timeouts: {implicit: 0, pageLoad: 300000, script: 30000}, unhandledPromptBehavior: dismiss and notify}&#10;Element: [[FirefoxDriver: firefox on WINDOWS (f014aabb-19c5-4910-b5d8-8db407cea748)] -&gt; name: q]&#10;Session ID: f014aabb-19c5-4910-b5d8-8db407cea748" type="org.openqa.selenium.ElementNotInteractableException"><![CDATA[org.openqa.selenium.ElementNotInteractableException: 
Element <input class="gLFyf gsfi" name="q" type="text"> is not reachable by keyboard
Build info: version: '4.1.3', revision: '7b1ebf28ef'
System info: host: 'IBM-PF1NTJAC', ip: '9.171.7.170', os.name: 'Windows 10', os.arch: 'amd64', os.version: '10.0', java.version: '17.0.2'
Driver info: org.openqa.selenium.firefox.FirefoxDriver
Command: [f014aabb-19c5-4910-b5d8-8db407cea748, sendKeysToElement {id=8ae29de2-4bb1-4fcc-bf44-cfc0d068211a, value=[Ljava.lang.CharSequence;@7c8f9c2e}]
Capabilities {acceptInsecureCerts: true, browserName: firefox, browserVersion: 99.0.1, javascriptEnabled: true, moz:accessibilityChecks: false, moz:buildID: 20220411174855, moz:debuggerAddress: localhost:57268, moz:geckodriverVersion: 0.31.0, moz:headless: false, moz:processID: 27088, moz:profile: C:\Users\Y9G4CD~1\AppData\L..., moz:shutdownTimeout: 60000, moz:useNonSpecCompliantPointerOrigin: false, moz:webdriverClick: true, pageLoadStrategy: normal, platform: WINDOWS, platformName: WINDOWS, platformVersion: 10.0, proxy: Proxy(), se:cdp: ws://localhost:57268/devtoo..., se:cdpVersion: 85.0, setWindowRect: true, strictFileInteractability: false, timeouts: {implicit: 0, pageLoad: 300000, script: 30000}, unhandledPromptBehavior: dismiss and notify}
Element: [[FirefoxDriver: firefox on WINDOWS (f014aabb-19c5-4910-b5d8-8db407cea748)] -> name: q]
Session ID: f014aabb-19c5-4910-b5d8-8db407cea748
	at java.base/jdk.internal.reflect.NativeConstructorAccessorImpl.newInstance0(Native Method)
	at java.base/jdk.internal.reflect.NativeConstructorAccessorImpl.newInstance(NativeConstructorAccessorImpl.java:77)
	at java.base/jdk.internal.reflect.DelegatingConstructorAccessorImpl.newInstance(DelegatingConstructorAccessorImpl.java:45)
	at java.base/java.lang.reflect.Constructor.newInstanceWithCaller(Constructor.java:499)
	at java.base/java.lang.reflect.Constructor.newInstance(Constructor.java:480)
	at org.openqa.selenium.remote.codec.w3c.W3CHttpResponseCodec.createException(W3CHttpResponseCodec.java:200)
	at org.openqa.selenium.remote.codec.w3c.W3CHttpResponseCodec.decode(W3CHttpResponseCodec.java:133)
	at org.openqa.selenium.remote.codec.w3c.W3CHttpResponseCodec.decode(W3CHttpResponseCodec.java:53)
	at org.openqa.selenium.remote.HttpCommandExecutor.execute(HttpCommandExecutor.java:184)
	at org.openqa.selenium.remote.service.DriverCommandExecutor.invokeExecute(DriverCommandExecutor.java:167)
	at org.openqa.selenium.remote.service.DriverCommandExecutor.execute(DriverCommandExecutor.java:142)
	at org.openqa.selenium.remote.RemoteWebDriver.execute(RemoteWebDriver.java:567)
	at org.openqa.selenium.remote.RemoteWebElement.execute(RemoteWebElement.java:251)
	at org.openqa.selenium.remote.RemoteWebElement.sendKeys(RemoteWebElement.java:107)
	at Cucumber.testCucu.StepDefinitions.chercher_mot(StepDefinitions.java:50)
	at ✽.Je cherche pour le mot "viande"(classpath:Cucumber/testCucu/PT-2.feature:11)
]]></error>
    <system-out><![CDATA[
Example: premier test                                  &amp#27;[90m# Cucumber/testCucu/PT-2.feature:9&amp#27;[0m
  &amp#27;[32mGiven &amp#27;[0m&amp#27;[32mOuvrir et lancer firefox&amp#27;[0m                       &amp#27;[90m# Cucumber.testCucu.StepDefinitions.visit_google()&amp#27;[0m
  &amp#27;[31mWhen &amp#27;[0m&amp#27;[31mJe cherche pour le mot &amp#27;[0m&amp#27;[31m&amp#27;[1m"viande"&amp#27;[0m                 &amp#27;[90m# Cucumber.testCucu.StepDefinitions.chercher_mot(java.lang.String)&amp#27;[0m
      &amp#27;[31morg.openqa.selenium.ElementNotInteractableException: Element <input class="gLFyf gsfi" name="q" type="text"> is not reachable by keyboard
Build info: version: '4.1.3', revision: '7b1ebf28ef'
System info: host: 'IBM-PF1NTJAC', ip: '9.171.7.170', os.name: 'Windows 10', os.arch: 'amd64', os.version: '10.0', java.version: '17.0.2'
Driver info: org.openqa.selenium.firefox.FirefoxDriver
Command: [f014aabb-19c5-4910-b5d8-8db407cea748, sendKeysToElement {id=8ae29de2-4bb1-4fcc-bf44-cfc0d068211a, value=[Ljava.lang.CharSequence;@7c8f9c2e}]
Capabilities {acceptInsecureCerts: true, browserName: firefox, browserVersion: 99.0.1, javascriptEnabled: true, moz:accessibilityChecks: false, moz:buildID: 20220411174855, moz:debuggerAddress: localhost:57268, moz:geckodriverVersion: 0.31.0, moz:headless: false, moz:processID: 27088, moz:profile: C:\Users\Y9G4CD~1\AppData\L..., moz:shutdownTimeout: 60000, moz:useNonSpecCompliantPointerOrigin: false, moz:webdriverClick: true, pageLoadStrategy: normal, platform: WINDOWS, platformName: WINDOWS, platformVersion: 10.0, proxy: Proxy(), se:cdp: ws://localhost:57268/devtoo..., se:cdpVersion: 85.0, setWindowRect: true, strictFileInteractability: false, timeouts: {implicit: 0, pageLoad: 300000, script: 30000}, unhandledPromptBehavior: dismiss and notify}
Element: [[FirefoxDriver: firefox on WINDOWS (f014aabb-19c5-4910-b5d8-8db407cea748)] -> name: q]
Session ID: f014aabb-19c5-4910-b5d8-8db407cea748
	at java.base/jdk.internal.reflect.NativeConstructorAccessorImpl.newInstance0(Native Method)
	at java.base/jdk.internal.reflect.NativeConstructorAccessorImpl.newInstance(NativeConstructorAccessorImpl.java:77)
	at java.base/jdk.internal.reflect.DelegatingConstructorAccessorImpl.newInstance(DelegatingConstructorAccessorImpl.java:45)
	at java.base/java.lang.reflect.Constructor.newInstanceWithCaller(Constructor.java:499)
	at java.base/java.lang.reflect.Constructor.newInstance(Constructor.java:480)
	at org.openqa.selenium.remote.codec.w3c.W3CHttpResponseCodec.createException(W3CHttpResponseCodec.java:200)
	at org.openqa.selenium.remote.codec.w3c.W3CHttpResponseCodec.decode(W3CHttpResponseCodec.java:133)
	at org.openqa.selenium.remote.codec.w3c.W3CHttpResponseCodec.decode(W3CHttpResponseCodec.java:53)
	at org.openqa.selenium.remote.HttpCommandExecutor.execute(HttpCommandExecutor.java:184)
	at org.openqa.selenium.remote.service.DriverCommandExecutor.invokeExecute(DriverCommandExecutor.java:167)
	at org.openqa.selenium.remote.service.DriverCommandExecutor.execute(DriverCommandExecutor.java:142)
	at org.openqa.selenium.remote.RemoteWebDriver.execute(RemoteWebDriver.java:567)
	at org.openqa.selenium.remote.RemoteWebElement.execute(RemoteWebElement.java:251)
	at org.openqa.selenium.remote.RemoteWebElement.sendKeys(RemoteWebElement.java:107)
	at Cucumber.testCucu.StepDefinitions.chercher_mot(StepDefinitions.java:50)
	at âœ½.Je cherche pour le mot "viande"(classpath:Cucumber/testCucu/PT-2.feature:11)
&amp#27;[0m
  &amp#27;[36mThen &amp#27;[0m&amp#27;[36mLe titre de la page doit commencer par &amp#27;[0m&amp#27;[36m&amp#27;[1m"viande"&amp#27;[0m &amp#27;[90m# Cucumber.testCucu.StepDefinitions.checkTitle(java.lang.String)&amp#27;[0m
]]></system-out>
    <system-err><![CDATA[SLF4J: Failed to load class "org.slf4j.impl.StaticLoggerBinder".
SLF4J: Defaulting to no-operation (NOP) logger implementation
SLF4J: See http://www.slf4j.org/codes.html#StaticLoggerBinder for further details.
1650967183552	geckodriver	INFO	Listening on 127.0.0.1:59097
1650967184061	mozrunner::runner	INFO	Running command: "C:\\Program Files\\Mozilla Firefox\\firefox.exe" "--marionette" "--remote-debugging-port" "57268" "--remote-allow-hosts" "localhost" "-no-remote" "-profile" "C:\\Users\\Y9G4CD~1\\AppData\\Local\\Temp\\rust_mozprofilekNhTNl"
1650967184726	Marionette	INFO	Marionette enabled
console.warn: SearchSettings: "get: No settings file exists, new profile?" (new NotFoundError("Could not open the file at C:\\Users\\Y9G4CD~1\\AppData\\Local\\Temp\\rust_mozprofilekNhTNl\\search.json.mozlz4", (void 0)))
DevTools listening on ws://localhost:57268/devtools/browser/724eb5b7-c8a5-43e9-a14d-ae3e70f8bf38
1650967188672	Marionette	INFO	Listening on port 60011
Read port: 60011
1650967189598	RemoteAgent	WARN	TLS certificate errors will be ignored for this session
Apr 26, 2022 11:59:49 AM org.openqa.selenium.remote.ProtocolHandshake createSession
INFO: Detected dialect: W3C
1650967191523	Marionette	INFO	Stopped listening on port 60011
]]></system-err>
  </testcase>
</testsuite>